<?xml version="1.0" encoding="UTF-8"?>
<!-- Generated by org.testng.reporters.JUnitReportReporter -->
<testsuite hostname="Divya-Laptop" failures="0" tests="1" name="testNgPackage.NewTest" time="0.010" errors="0" timestamp="2022-11-16T09:19:35 EST" skipped="0">
  <testcase classname="testNgPackage.NewTest" name="f" time="0.010"/>
  <system-out/>
</testsuite> <!-- testNgPackage.NewTest -->
