<?xml version="1.0" encoding="UTF-8"?>
<!-- Generated by org.testng.reporters.JUnitReportReporter -->
<testsuite hostname="Divya-Laptop" failures="0" tests="3" name="testNgPackage.OpenWebsites" time="29.853" errors="0" timestamp="2022-11-16T09:31:14 EST" skipped="0">
  <testcase classname="testNgPackage.OpenWebsites" name="openingAmazonSite" time="3.833"/>
  <system-out/>
  <testcase classname="testNgPackage.OpenWebsites" name="openingYahooSite" time="5.212"/>
  <system-out/>
  <testcase classname="testNgPackage.OpenWebsites" name="openingCnbcSite" time="20.808"/>
  <system-out/>
</testsuite> <!-- testNgPackage.OpenWebsites -->
